<?xml version="1.0" encoding="UTF-8"?>
<!-- Generated by org.testng.reporters.JUnitReportReporter -->
<testsuite hostname="SHASHWATA-WIN-10" failures="0" tests="1" name="testCases.Footer" time="28.363" errors="0" timestamp="2023-06-02T00:15:06 IST" skipped="0">
  <testcase classname="testCases.Footer" name="checkSocialSites" time="28.363"/>
  <system-out/>
</testsuite> <!-- testCases.Footer -->
